This is pdfTeX, Version 3.1415926-2.3-1.40.12 (MiKTeX 2.9) (preloaded format=pdflatex 2011.12.17)  2 FEB 2013 00:45
entering extended mode
**chapter3.tex
("D:\РЈРЅРёРІРµСЂ\New Folder\TeX\chapter3.tex"
LaTeX2e <2011/06/27>
Babel <v3.8m> and hyphenation patterns for english, afrikaans, ancientgreek, ar
abic, armenian, assamese, basque, bengali, bokmal, bulgarian, catalan, coptic, 
croatian, czech, danish, dutch, esperanto, estonian, farsi, finnish, french, ga
lician, german, german-x-2009-06-19, greek, gujarati, hindi, hungarian, iceland
ic, indonesian, interlingua, irish, italian, kannada, kurmanji, lao, latin, lat
vian, lithuanian, malayalam, marathi, mongolian, mongolianlmc, monogreek, ngerm
an, ngerman-x-2009-06-19, nynorsk, oriya, panjabi, pinyin, polish, portuguese, 
romanian, russian, sanskrit, serbian, slovak, slovenian, spanish, swedish, swis
sgerman, tamil, telugu, turkish, turkmen, ukenglish, ukrainian, uppersorbian, u
senglishmax, welsh, loaded.
(D:\_Full_TeX\texmf\tex\latex\base\report.cls
Document Class: report 2007/10/19 v1.4h Standard LaTeX document class
(D:\_Full_TeX\texmf\tex\latex\base\size12.clo
File: size12.clo 2007/10/19 v1.4h Standard LaTeX file (size option)
)
\c@part=\count79
\c@chapter=\count80
\c@section=\count81
\c@subsection=\count82
\c@subsubsection=\count83
\c@paragraph=\count84
\c@subparagraph=\count85
\c@figure=\count86
\c@table=\count87
\abovecaptionskip=\skip41
\belowcaptionskip=\skip42
\bibindent=\dimen102
)
(D:\_Full_TeX\texmf\tex\latex\base\inputenc.sty
Package: inputenc 2008/03/30 v1.1d Input encoding file
\inpenc@prehook=\toks14
\inpenc@posthook=\toks15

(D:\_Full_TeX\texmf\tex\latex\ucs\utf8x.def
File: utf8x.def 2004/10/17 UCS: Input encoding UTF-8
))
(D:\_Full_TeX\texmf\tex\latex\ucs\ucs.sty
Package: ucs 2004/10/17 UCS: Unicode input support

(D:\_Full_TeX\texmf\tex\latex\ucs\uni-global.def
File: uni-global.def 2012/08/28 UCS: Unicode global data
)
\uc@secondtry=\count88
\uc@combtoks=\toks16
\uc@combtoksb=\toks17
\uc@temptokena=\toks18
)
(D:\_Full_TeX\texmf\tex\generic\babel\babel.sty
Package: babel 2008/07/08 v3.8m The Babel package

*************************************
* Local config file bblopts.cfg used
*
(D:\_Full_TeX\texmf\tex\latex\00miktex\bblopts.cfg
File: bblopts.cfg 2006/07/31 v1.0 MiKTeX 'babel' configuration
)
(D:\_Full_TeX\texmf\tex\generic\babel\russianb.ldf
Language: russianb 2008/03/21 v1.1r Russian support from the babel system

(D:\_Full_TeX\texmf\tex\generic\babel\babel.def
File: babel.def 2008/07/08 v3.8m Babel common definitions
\babel@savecnt=\count89
\U@D=\dimen103
)
(D:\_Full_TeX\texmf\tex\latex\cyrillic\t2aenc.def
File: t2aenc.def 2005/09/27 v1.0i Cyrillic encoding definition file
)
Package babel Info: Making " an active character on input line 199.
))
(D:\_Full_TeX\texmf\tex\latex\ams\math\amsmath.sty
Package: amsmath 2000/07/18 v2.13 AMS math features
\@mathmargin=\skip43

For additional information on amsmath, use the `?' option.
(D:\_Full_TeX\texmf\tex\latex\ams\math\amstext.sty
Package: amstext 2000/06/29 v2.01

(D:\_Full_TeX\texmf\tex\latex\ams\math\amsgen.sty
File: amsgen.sty 1999/11/30 v2.0
\@emptytoks=\toks19
\ex@=\dimen104
))
(D:\_Full_TeX\texmf\tex\latex\ams\math\amsbsy.sty
Package: amsbsy 1999/11/29 v1.2d
\pmbraise@=\dimen105
)
(D:\_Full_TeX\texmf\tex\latex\ams\math\amsopn.sty
Package: amsopn 1999/12/14 v2.01 operator names
)
\inf@bad=\count90
LaTeX Info: Redefining \frac on input line 211.
\uproot@=\count91
\leftroot@=\count92
LaTeX Info: Redefining \overline on input line 307.
\classnum@=\count93
\DOTSCASE@=\count94
LaTeX Info: Redefining \ldots on input line 379.
LaTeX Info: Redefining \dots on input line 382.
LaTeX Info: Redefining \cdots on input line 467.
\Mathstrutbox@=\box26
\strutbox@=\box27
\big@size=\dimen106
LaTeX Font Info:    Redeclaring font encoding OML on input line 567.
LaTeX Font Info:    Redeclaring font encoding OMS on input line 568.
\macc@depth=\count95
\c@MaxMatrixCols=\count96
\dotsspace@=\muskip10
\c@parentequation=\count97
\dspbrk@lvl=\count98
\tag@help=\toks20
\row@=\count99
\column@=\count100
\maxfields@=\count101
\andhelp@=\toks21
\eqnshift@=\dimen107
\alignsep@=\dimen108
\tagshift@=\dimen109
\tagwidth@=\dimen110
\totwidth@=\dimen111
\lineht@=\dimen112
\@envbody=\toks22
\multlinegap=\skip44
\multlinetaggap=\skip45
\mathdisplay@stack=\toks23
LaTeX Info: Redefining \[ on input line 2666.
LaTeX Info: Redefining \] on input line 2667.
)
(D:\_Full_TeX\texmf\tex\latex\graphics\graphicx.sty
Package: graphicx 1999/02/16 v1.0f Enhanced LaTeX Graphics (DPC,SPQR)

(D:\_Full_TeX\texmf\tex\latex\graphics\keyval.sty
Package: keyval 1999/03/16 v1.13 key=value parser (DPC)
\KV@toks@=\toks24
)
(D:\_Full_TeX\texmf\tex\latex\graphics\graphics.sty
Package: graphics 2009/02/05 v1.0o Standard LaTeX Graphics (DPC,SPQR)

(D:\_Full_TeX\texmf\tex\latex\graphics\trig.sty
Package: trig 1999/03/16 v1.09 sin cos tan (DPC)
)
(D:\_Full_TeX\texmf\tex\latex\00miktex\graphics.cfg
File: graphics.cfg 2007/01/18 v1.5 graphics configuration of teTeX/TeXLive
)
Package graphics Info: Driver file: pdftex.def on input line 91.

(D:\_Full_TeX\texmf\tex\latex\pdftex-def\pdftex.def
File: pdftex.def 2011/05/27 v0.06d Graphics/color for pdfTeX

(D:\_Full_TeX\texmf\tex\generic\oberdiek\infwarerr.sty
Package: infwarerr 2010/04/08 v1.3 Providing info/warning/message (HO)
)
(D:\_Full_TeX\texmf\tex\generic\oberdiek\ltxcmds.sty
Package: ltxcmds 2011/04/18 v1.20 LaTeX kernel commands for general use (HO)
)
\Gread@gobject=\count102
))
\Gin@req@height=\dimen113
\Gin@req@width=\dimen114
)
("D:\РЈРЅРёРІРµСЂ\New Folder\TeX\chapter3.aux"
LaTeX Font Info:    Try loading font information for T2A+cmr on input line 3.

(D:\_Full_TeX\texmf\tex\latex\cyrillic\t2acmr.fd
File: t2acmr.fd 2001/08/11 v1.0a Computer Modern Cyrillic font definitions
))
LaTeX Font Info:    Checking defaults for OML/cmm/m/it on input line 17.
LaTeX Font Info:    ... okay on input line 17.
LaTeX Font Info:    Checking defaults for T1/cmr/m/n on input line 17.
LaTeX Font Info:    ... okay on input line 17.
LaTeX Font Info:    Checking defaults for OT1/cmr/m/n on input line 17.
LaTeX Font Info:    ... okay on input line 17.
LaTeX Font Info:    Checking defaults for OMS/cmsy/m/n on input line 17.
LaTeX Font Info:    ... okay on input line 17.
LaTeX Font Info:    Checking defaults for OMX/cmex/m/n on input line 17.
LaTeX Font Info:    ... okay on input line 17.
LaTeX Font Info:    Checking defaults for U/cmr/m/n on input line 17.
LaTeX Font Info:    ... okay on input line 17.
LaTeX Font Info:    Checking defaults for T2A/cmr/m/n on input line 17.
LaTeX Font Info:    ... okay on input line 17.

(D:\_Full_TeX\texmf\tex\latex\ucs\ucsencs.def
File: ucsencs.def 2011/01/21 Fixes to fontencodings LGR, T3
)
(D:\_Full_TeX\texmf\tex\context\base\supp-pdf.mkii
[Loading MPS to PDF converter (version 2006.09.02).]
\scratchcounter=\count103
\scratchdimen=\dimen115
\scratchbox=\box28
\nofMPsegments=\count104
\nofMParguments=\count105
\everyMPshowfont=\toks25
\MPscratchCnt=\count106
\MPscratchDim=\dimen116
\MPnumerator=\count107
\makeMPintoPDFobject=\count108
\everyMPtoPDFconversion=\toks26
)
{\Russian \CYRG \cyrl \cyra \cyrv \cyra } 1.
(D:\_Full_TeX\texmf\tex\latex\ucs\uni-4.def
File: uni-4.def 2012/08/28 UCS: Unicode data U+0400..U+04FF
)
LaTeX Font Info:    Try loading font information for OMS+cmr on input line 23.

(D:\_Full_TeX\texmf\tex\latex\base\omscmr.fd
File: omscmr.fd 1999/05/25 v2.5h Standard LaTeX font definitions
)
LaTeX Font Info:    Font shape `OMS/cmr/m/n' in size <12> not available
(Font)              Font shape `OMS/cmsy/m/n' tried instead on input line 23.

Overfull \hbox (10.63658pt too wide) in paragraph at lines 32--33
\T2A/cmr/m/n/12 ют-ся мо-де-ли устройств, про-то-ко-лов, при-ло-же-ний. Объ-еди
-не-ние се-те-вых устройств
 []

[1


{D:/_Full_TeX/texmf/pdftex/config/pdftex.map}]
<graphic/chapter3/Ch3Pic2.pdf, id=10, 311.1625pt x 230.8625pt>
File: graphic/chapter3/Ch3Pic2.pdf Graphic file (type pdf)

<use graphic/chapter3/Ch3Pic2.pdf>
Package pdftex.def Info: graphic/chapter3/Ch3Pic2.pdf used on input line 39.
(pdftex.def)             Requested size: 170.71652pt x 126.66124pt.

<graphic/chapter3/Ch3Pic3.pdf, id=11, 200.75pt x 281.05pt>
File: graphic/chapter3/Ch3Pic3.pdf Graphic file (type pdf)

<use graphic/chapter3/Ch3Pic3.pdf>
Package pdftex.def Info: graphic/chapter3/Ch3Pic3.pdf used on input line 50.
(pdftex.def)             Requested size: 113.81102pt x 159.33817pt.


LaTeX Warning: `!h' float specifier changed to `!ht'.

<graphic/chapter3/Ch3Pic4.pdf, id=12, 622.325pt x 291.0875pt>
File: graphic/chapter3/Ch3Pic4.pdf Graphic file (type pdf)

<use graphic/chapter3/Ch3Pic4.pdf>
Package pdftex.def Info: graphic/chapter3/Ch3Pic4.pdf used on input line 59.
(pdftex.def)             Requested size: 284.52756pt x 133.08461pt.
 [2 <D:/РЈРЅРёРІРµСЂ/New Folder/TeX/graphic/chapter3/Ch3Pic2.pdf>]
Overfull \hbox (3.11676pt too wide) in paragraph at lines 63--64
[]\T2A/cmr/m/n/12 Интерфейс EnviromentControlProtocolScript предо-став-ля-ет во
з-мож-ность опи-
 []

[3 <D:/РЈРЅРёРІРµСЂ/New Folder/TeX/graphic/chapter3/Ch3Pic3.pdf> <D:/РЈРЅРёРІРµ
СЂ/New Folder/TeX/graphic/chapter3/Ch3Pic4.pdf>]
<graphic/chapter3/Ch3Pic5.jpg, id=26, 459.7175pt x 266.9975pt>
File: graphic/chapter3/Ch3Pic5.jpg Graphic file (type jpg)

<use graphic/chapter3/Ch3Pic5.jpg>
Package pdftex.def Info: graphic/chapter3/Ch3Pic5.jpg used on input line 72.
(pdftex.def)             Requested size: 284.52756pt x 165.25969pt.

<graphic/chapter3/Ch3Pic6.jpg, id=27, 431.6125pt x 441.65pt>
File: graphic/chapter3/Ch3Pic6.jpg Graphic file (type jpg)

<use graphic/chapter3/Ch3Pic6.jpg>
Package pdftex.def Info: graphic/chapter3/Ch3Pic6.jpg used on input line 81.
(pdftex.def)             Requested size: 284.52756pt x 291.15294pt.


LaTeX Warning: `!h' float specifier changed to `!ht'.

[4 <D:/РЈРЅРёРІРµСЂ/New Folder/TeX/graphic/chapter3/Ch3Pic5.jpg>]
<graphic/chapter3/Ch3Pic7.jpg, id=31, 492.84125pt x 575.14874pt>
File: graphic/chapter3/Ch3Pic7.jpg Graphic file (type jpg)

<use graphic/chapter3/Ch3Pic7.jpg>
Package pdftex.def Info: graphic/chapter3/Ch3Pic7.jpg used on input line 90.
(pdftex.def)             Requested size: 284.52756pt x 332.05946pt.


LaTeX Warning: `!h' float specifier changed to `!ht'.

[5 <D:/РЈРЅРёРІРµСЂ/New Folder/TeX/graphic/chapter3/Ch3Pic6.jpg>] [6 <D:/РЈРЅРё
РІРµСЂ/New Folder/TeX/graphic/chapter3/Ch3Pic7.jpg>]
<graphic/chapter3/Ch3Pic8.jpg, id=38, 461.725pt x 250.9375pt>
File: graphic/chapter3/Ch3Pic8.jpg Graphic file (type jpg)

<use graphic/chapter3/Ch3Pic8.jpg>
Package pdftex.def Info: graphic/chapter3/Ch3Pic8.jpg used on input line 130.
(pdftex.def)             Requested size: 284.52756pt x 154.63387pt.

Overfull \hbox (21.12437pt too wide) in paragraph at lines 134--135
\T2A/cmr/m/n/12 Application. На при-ве-ден-ном ри-сун-ке та-ким клас-сом яв-ля-
ет-ся ListenPortApplication.
 []


Overfull \hbox (1.32645pt too wide) in paragraph at lines 136--137
[]\T2A/cmr/m/n/12 Модель по-ве-де-ния зло-умыш-лен-ни-ка так же опи-сы-ва-ет-ся
 в классе-наследнике
 []

[7 <D:/РЈРЅРёРІРµСЂ/New Folder/TeX/graphic/chapter3/Ch3Pic8.jpg>]
<graphic/chapter3/Ch3Pic9.jpg, id=43, 732.7375pt x 1013.7875pt>
File: graphic/chapter3/Ch3Pic9.jpg Graphic file (type jpg)

<use graphic/chapter3/Ch3Pic9.jpg>
Package pdftex.def Info: graphic/chapter3/Ch3Pic9.jpg used on input line 143.
(pdftex.def)             Requested size: 398.33858pt x 551.13423pt.
 [8] [9 <D:/РЈРЅРёРІРµСЂ/New Folder/TeX/graphic/chapter3/Ch3Pic9.jpg>] ("D:\РЈР
ЅРёРІРµСЂ\New Folder\TeX\chapter3.aux") ) 
Here is how much of TeX's memory you used:
 3605 strings out of 494045
 44309 string characters out of 3143962
 101086 words of memory out of 3000000
 6864 multiletter control sequences out of 15000+200000
 10691 words of font info for 24 fonts, out of 3000000 for 9000
 715 hyphenation exceptions out of 8191
 27i,5n,24p,2741b,623s stack positions out of 5000i,500n,10000p,200000b,50000s
{D:/_Full_TeX/texmf/fonts/enc/dvips/cm
-super/cm-super-t2a.enc}<D:/_Full_TeX/texmf/fonts/type1/public/amsfonts/cm/cmsy
10.pfb><D:/_Full_TeX/texmf/fonts/type1/public/cm-super/sfbx1200.pfb><D:/_Full_T
eX/texmf/fonts/type1/public/cm-super/sfbx1440.pfb><D:/_Full_TeX/texmf/fonts/typ
e1/public/cm-super/sfbx1728.pfb><D:/_Full_TeX/texmf/fonts/type1/public/cm-super
/sfbx2488.pfb><D:/_Full_TeX/texmf/fonts/type1/public/cm-super/sfrm1200.pfb>
Output written on chapter3.pdf (9 pages, 286915 bytes).
PDF statistics:
 71 PDF objects out of 1000 (max. 8388607)
 0 named destinations out of 1000 (max. 500000)
 41 words of extra memory for PDF output out of 10000 (max. 10000000)

