This is pdfTeX, Version 3.1415926-2.3-1.40.12 (MiKTeX 2.9) (preloaded format=pdflatex 2011.12.17)  14 JAN 2013 09:42
entering extended mode
**chapter4Economic.tex
("D:\РЈРЅРёРІРµСЂ\New Folder\TeX\chapter4Economic.tex"
LaTeX2e <2011/06/27>
Babel <v3.8m> and hyphenation patterns for english, afrikaans, ancientgreek, ar
abic, armenian, assamese, basque, bengali, bokmal, bulgarian, catalan, coptic, 
croatian, czech, danish, dutch, esperanto, estonian, farsi, finnish, french, ga
lician, german, german-x-2009-06-19, greek, gujarati, hindi, hungarian, iceland
ic, indonesian, interlingua, irish, italian, kannada, kurmanji, lao, latin, lat
vian, lithuanian, malayalam, marathi, mongolian, mongolianlmc, monogreek, ngerm
an, ngerman-x-2009-06-19, nynorsk, oriya, panjabi, pinyin, polish, portuguese, 
romanian, russian, sanskrit, serbian, slovak, slovenian, spanish, swedish, swis
sgerman, tamil, telugu, turkish, turkmen, ukenglish, ukrainian, uppersorbian, u
senglishmax, welsh, loaded.
(D:\_Full_TeX\texmf\tex\latex\base\report.cls
Document Class: report 2007/10/19 v1.4h Standard LaTeX document class
(D:\_Full_TeX\texmf\tex\latex\base\size12.clo
File: size12.clo 2007/10/19 v1.4h Standard LaTeX file (size option)
)
\c@part=\count79
\c@chapter=\count80
\c@section=\count81
\c@subsection=\count82
\c@subsubsection=\count83
\c@paragraph=\count84
\c@subparagraph=\count85
\c@figure=\count86
\c@table=\count87
\abovecaptionskip=\skip41
\belowcaptionskip=\skip42
\bibindent=\dimen102
)
(D:\_Full_TeX\texmf\tex\latex\base\inputenc.sty
Package: inputenc 2008/03/30 v1.1d Input encoding file
\inpenc@prehook=\toks14
\inpenc@posthook=\toks15

(D:\_Full_TeX\texmf\tex\latex\unicode\utf8x.def
File: utf8x.def 2004/10/17 UCS: Input encoding UTF-8
))
(D:\_Full_TeX\texmf\tex\latex\unicode\ucs.sty
Package: ucs 2004/10/17 UCS: Unicode input support

(D:\_Full_TeX\texmf\tex\latex\unicode\data\uni-global.def
File: uni-global.def 2004/10/17 UCS: Unicode global data
)
\uc@secondtry=\count88
\uc@combtoks=\toks16
\uc@combtoksb=\toks17
\uc@temptokena=\toks18
)
(D:\_Full_TeX\texmf\tex\generic\babel\babel.sty
Package: babel 2008/07/08 v3.8m The Babel package

*************************************
* Local config file bblopts.cfg used
*
(D:\_Full_TeX\texmf\tex\latex\00miktex\bblopts.cfg
File: bblopts.cfg 2006/07/31 v1.0 MiKTeX 'babel' configuration
)
(D:\_Full_TeX\texmf\tex\generic\babel\russianb.ldf
Language: russianb 2008/03/21 v1.1r Russian support from the babel system

(D:\_Full_TeX\texmf\tex\generic\babel\babel.def
File: babel.def 2008/07/08 v3.8m Babel common definitions
\babel@savecnt=\count89
\U@D=\dimen103
)
(D:\_Full_TeX\texmf\tex\latex\cyrillic\t2aenc.def
File: t2aenc.def 2005/09/27 v1.0i Cyrillic encoding definition file
)
Package babel Info: Making " an active character on input line 199.
))
(D:\_Full_TeX\texmf\tex\latex\ams\math\amsmath.sty
Package: amsmath 2000/07/18 v2.13 AMS math features
\@mathmargin=\skip43

For additional information on amsmath, use the `?' option.
(D:\_Full_TeX\texmf\tex\latex\ams\math\amstext.sty
Package: amstext 2000/06/29 v2.01

(D:\_Full_TeX\texmf\tex\latex\ams\math\amsgen.sty
File: amsgen.sty 1999/11/30 v2.0
\@emptytoks=\toks19
\ex@=\dimen104
))
(D:\_Full_TeX\texmf\tex\latex\ams\math\amsbsy.sty
Package: amsbsy 1999/11/29 v1.2d
\pmbraise@=\dimen105
)
(D:\_Full_TeX\texmf\tex\latex\ams\math\amsopn.sty
Package: amsopn 1999/12/14 v2.01 operator names
)
\inf@bad=\count90
LaTeX Info: Redefining \frac on input line 211.
\uproot@=\count91
\leftroot@=\count92
LaTeX Info: Redefining \overline on input line 307.
\classnum@=\count93
\DOTSCASE@=\count94
LaTeX Info: Redefining \ldots on input line 379.
LaTeX Info: Redefining \dots on input line 382.
LaTeX Info: Redefining \cdots on input line 467.
\Mathstrutbox@=\box26
\strutbox@=\box27
\big@size=\dimen106
LaTeX Font Info:    Redeclaring font encoding OML on input line 567.
LaTeX Font Info:    Redeclaring font encoding OMS on input line 568.
\macc@depth=\count95
\c@MaxMatrixCols=\count96
\dotsspace@=\muskip10
\c@parentequation=\count97
\dspbrk@lvl=\count98
\tag@help=\toks20
\row@=\count99
\column@=\count100
\maxfields@=\count101
\andhelp@=\toks21
\eqnshift@=\dimen107
\alignsep@=\dimen108
\tagshift@=\dimen109
\tagwidth@=\dimen110
\totwidth@=\dimen111
\lineht@=\dimen112
\@envbody=\toks22
\multlinegap=\skip44
\multlinetaggap=\skip45
\mathdisplay@stack=\toks23
LaTeX Info: Redefining \[ on input line 2666.
LaTeX Info: Redefining \] on input line 2667.
)
("D:\РЈРЅРёРІРµСЂ\New Folder\TeX\chapter4Economic.aux"
LaTeX Font Info:    Try loading font information for T2A+cmr on input line 3.

(D:\_Full_TeX\texmf\tex\latex\cyrillic\t2acmr.fd
File: t2acmr.fd 2001/08/11 v1.0a Computer Modern Cyrillic font definitions
))
LaTeX Font Info:    Checking defaults for OML/cmm/m/it on input line 11.
LaTeX Font Info:    ... okay on input line 11.
LaTeX Font Info:    Checking defaults for T1/cmr/m/n on input line 11.
LaTeX Font Info:    ... okay on input line 11.
LaTeX Font Info:    Checking defaults for OT1/cmr/m/n on input line 11.
LaTeX Font Info:    ... okay on input line 11.
LaTeX Font Info:    Checking defaults for OMS/cmsy/m/n on input line 11.
LaTeX Font Info:    ... okay on input line 11.
LaTeX Font Info:    Checking defaults for OMX/cmex/m/n on input line 11.
LaTeX Font Info:    ... okay on input line 11.
LaTeX Font Info:    Checking defaults for U/cmr/m/n on input line 11.
LaTeX Font Info:    ... okay on input line 11.
LaTeX Font Info:    Checking defaults for T2A/cmr/m/n on input line 11.
LaTeX Font Info:    ... okay on input line 11.

(D:\_Full_TeX\texmf\tex\latex\unicode\ucsencs.def
File: ucsencs.def 2003/11/29 Fixes to fontencodings LGR, T3
)
(D:\_Full_TeX\texmf\tex\latex\unicode\data\uni-4.def
File: uni-4.def 2004/10/17 UCS: Unicode data U+0400..U+04FF
) [1

{D:/_Full_TeX/texmf/pdftex/config/pdftex.map}]
Overfull \hbox (67.28046pt too wide) in paragraph at lines 39--40
[]\T2A/cmr/m/n/12 Экономическая оцен-ка эф-фек-тив-но-сти про-во-ди-мой в ди-пл
ом-ном про-ек-те научно-исследовательской
 []

(D:\_Full_TeX\texmf\tex\latex\unicode\data\uni-33.def
File: uni-33.def 2004/10/17 UCS: Unicode data U+2100..U+21FF
)
Underfull \hbox (badness 10000) in paragraph at lines 58--59
[]\T2A/cmr/m/n/12 Машинное вре-мя
 []


Underfull \hbox (badness 10000) in paragraph at lines 59--59
[]\T2A/cmr/m/n/12 Старший на-уч-
 []


Underfull \hbox (badness 2376) in paragraph at lines 65--65
[]\T2A/cmr/m/n/12 Разработка мо-де-лей устройств
 []


Overfull \hbox (63.81323pt too wide) in paragraph at lines 56--74
[][] 
 []

[2]
Overfull \hbox (43.1576pt too wide) in paragraph at lines 82--92
[][] 
 []

[3]
Overfull \hbox (55.39832pt too wide) in paragraph at lines 100--107
[][] 
 []


LaTeX Warning: Command \CYRZ invalid in math mode on input line 111.


LaTeX Warning: Command \CYRO invalid in math mode on input line 111.


LaTeX Warning: Command \CYRZ invalid in math mode on input line 111.


LaTeX Warning: Command \CYRO invalid in math mode on input line 111.


LaTeX Warning: Command \cyrm invalid in math mode on input line 111.


LaTeX Warning: Command \cyre invalid in math mode on input line 111.


LaTeX Warning: Command \cyrs invalid in math mode on input line 111.

Missing character: There is no З in font cmr8!
Missing character: There is no О in font cmr8!
Missing character: There is no З in font cmr8!
Missing character: There is no О in font cmr8!
Missing character: There is no м in font cmr8!
Missing character: There is no е in font cmr8!
Missing character: There is no с in font cmr8!
[4] [5]
Underfull \hbox (badness 10000) in paragraph at lines 228--229
[]\T2A/cmr/m/n/12 Коэффициент
 []


Underfull \hbox (badness 10000) in paragraph at lines 229--229
[]\T2A/cmr/m/n/12 Разработанная
 []


Overfull \hbox (40.31897pt too wide) in paragraph at lines 226--235
[][] 
 []

[6] ("D:\РЈРЅРёРІРµСЂ\New Folder\TeX\chapter4Economic.aux") ) 
Here is how much of TeX's memory you used:
 2829 strings out of 494045
 33210 string characters out of 3143962
 93737 words of memory out of 3000000
 6120 multiletter control sequences out of 15000+200000
 13526 words of font info for 34 fonts, out of 3000000 for 9000
 715 hyphenation exceptions out of 8191
 27i,10n,24p,1638b,619s stack positions out of 5000i,500n,10000p,200000b,50000s
{D:/_Full_TeX/texm
f/fonts/enc/dvips/cm-super/cm-super-t2a.enc}<D:/_Full_TeX/texmf/fonts/type1/pub
lic/amsfonts/cm/cmex10.pfb><D:/_Full_TeX/texmf/fonts/type1/public/amsfonts/cm/c
mmi12.pfb><D:/_Full_TeX/texmf/fonts/type1/public/amsfonts/cm/cmmi6.pfb><D:/_Ful
l_TeX/texmf/fonts/type1/public/amsfonts/cm/cmmi8.pfb><D:/_Full_TeX/texmf/fonts/
type1/public/amsfonts/cm/cmr12.pfb><D:/_Full_TeX/texmf/fonts/type1/public/amsfo
nts/cm/cmr8.pfb><D:/_Full_TeX/texmf/fonts/type1/public/amsfonts/cm/cmsy10.pfb><
D:/_Full_TeX/texmf/fonts/type1/public/cm-super/sfbx1200.pfb><D:/_Full_TeX/texmf
/fonts/type1/public/cm-super/sfbx1440.pfb><D:/_Full_TeX/texmf/fonts/type1/publi
c/cm-super/sfbx1728.pfb><D:/_Full_TeX/texmf/fonts/type1/public/cm-super/sfrm080
0.pfb><D:/_Full_TeX/texmf/fonts/type1/public/cm-super/sfrm1200.pfb>
Output written on chapter4Economic.pdf (6 pages, 160241 bytes).
PDF statistics:
 70 PDF objects out of 1000 (max. 8388607)
 0 named destinations out of 1000 (max. 500000)
 1 words of extra memory for PDF output out of 10000 (max. 10000000)

