This is pdfTeX, Version 3.1415926-2.3-1.40.12 (MiKTeX 2.9) (preloaded format=pdflatex 2011.12.17)  13 JAN 2013 01:10
entering extended mode
**First.tex
("D:\РЈРЅРёРІРµСЂ\New Folder\First.tex"
LaTeX2e <2011/06/27>
Babel <v3.8m> and hyphenation patterns for english, afrikaans, ancientgreek, ar
abic, armenian, assamese, basque, bengali, bokmal, bulgarian, catalan, coptic, 
croatian, czech, danish, dutch, esperanto, estonian, farsi, finnish, french, ga
lician, german, german-x-2009-06-19, greek, gujarati, hindi, hungarian, iceland
ic, indonesian, interlingua, irish, italian, kannada, kurmanji, lao, latin, lat
vian, lithuanian, malayalam, marathi, mongolian, mongolianlmc, monogreek, ngerm
an, ngerman-x-2009-06-19, nynorsk, oriya, panjabi, pinyin, polish, portuguese, 
romanian, russian, sanskrit, serbian, slovak, slovenian, spanish, swedish, swis
sgerman, tamil, telugu, turkish, turkmen, ukenglish, ukrainian, uppersorbian, u
senglishmax, welsh, loaded.
(D:\_Full_TeX\texmf\tex\latex\base\article.cls
Document Class: article 2007/10/19 v1.4h Standard LaTeX document class
(D:\_Full_TeX\texmf\tex\latex\base\size10.clo
File: size10.clo 2007/10/19 v1.4h Standard LaTeX file (size option)
)
\c@part=\count79
\c@section=\count80
\c@subsection=\count81
\c@subsubsection=\count82
\c@paragraph=\count83
\c@subparagraph=\count84
\c@figure=\count85
\c@table=\count86
\abovecaptionskip=\skip41
\belowcaptionskip=\skip42
\bibindent=\dimen102
)
(D:\_Full_TeX\texmf\tex\latex\base\inputenc.sty
Package: inputenc 2008/03/30 v1.1d Input encoding file
\inpenc@prehook=\toks14
\inpenc@posthook=\toks15

(D:\_Full_TeX\texmf\tex\latex\unicode\utf8x.def
File: utf8x.def 2004/10/17 UCS: Input encoding UTF-8
))
(D:\_Full_TeX\texmf\tex\latex\unicode\ucs.sty
Package: ucs 2004/10/17 UCS: Unicode input support

(D:\_Full_TeX\texmf\tex\latex\unicode\data\uni-global.def
File: uni-global.def 2004/10/17 UCS: Unicode global data
)
\uc@secondtry=\count87
\uc@combtoks=\toks16
\uc@combtoksb=\toks17
\uc@temptokena=\toks18
)
(D:\_Full_TeX\texmf\tex\generic\babel\babel.sty
Package: babel 2008/07/08 v3.8m The Babel package

*************************************
* Local config file bblopts.cfg used
*
(D:\_Full_TeX\texmf\tex\latex\00miktex\bblopts.cfg
File: bblopts.cfg 2006/07/31 v1.0 MiKTeX 'babel' configuration
)
(D:\_Full_TeX\texmf\tex\generic\babel\russianb.ldf
Language: russianb 2008/03/21 v1.1r Russian support from the babel system

(D:\_Full_TeX\texmf\tex\generic\babel\babel.def
File: babel.def 2008/07/08 v3.8m Babel common definitions
\babel@savecnt=\count88
\U@D=\dimen103
)
(D:\_Full_TeX\texmf\tex\latex\cyrillic\t2aenc.def
File: t2aenc.def 2005/09/27 v1.0i Cyrillic encoding definition file
)
Package babel Info: Making " an active character on input line 199.
))
("D:\РЈРЅРёРІРµСЂ\New Folder\First.aux"
LaTeX Font Info:    Try loading font information for T2A+cmr on input line 3.

(D:\_Full_TeX\texmf\tex\latex\cyrillic\t2acmr.fd
File: t2acmr.fd 2001/08/11 v1.0a Computer Modern Cyrillic font definitions
))
LaTeX Font Info:    Checking defaults for OML/cmm/m/it on input line 6.
LaTeX Font Info:    ... okay on input line 6.
LaTeX Font Info:    Checking defaults for T1/cmr/m/n on input line 6.
LaTeX Font Info:    ... okay on input line 6.
LaTeX Font Info:    Checking defaults for OT1/cmr/m/n on input line 6.
LaTeX Font Info:    ... okay on input line 6.
LaTeX Font Info:    Checking defaults for OMS/cmsy/m/n on input line 6.
LaTeX Font Info:    ... okay on input line 6.
LaTeX Font Info:    Checking defaults for OMX/cmex/m/n on input line 6.
LaTeX Font Info:    ... okay on input line 6.
LaTeX Font Info:    Checking defaults for U/cmr/m/n on input line 6.
LaTeX Font Info:    ... okay on input line 6.
LaTeX Font Info:    Checking defaults for T2A/cmr/m/n on input line 6.
LaTeX Font Info:    ... okay on input line 6.

(D:\_Full_TeX\texmf\tex\latex\unicode\ucsencs.def
File: ucsencs.def 2003/11/29 Fixes to fontencodings LGR, T3
)
(D:\_Full_TeX\texmf\tex\latex\unicode\data\uni-4.def
File: uni-4.def 2004/10/17 UCS: Unicode data U+0400..U+04FF
) [1

{D:/_Full_TeX/texmf/pdftex/config/pdftex.map}]
Overfull \hbox (9.21796pt too wide) in paragraph at lines 36--37
\T2A/cmr/m/n/10 цес-са функ-ци-о-ни-ро-ва-ния лю-бой си-сте-мы S ма-те-ма-ти-че
-ски-ми ме-то-да-ми, вклю-
 []


Overfull \hbox (14.35669pt too wide) in paragraph at lines 40--41
\T2A/cmr/m/n/10 о-наль-ных со-от-но-ше-ний (ал-геб-ра-и-че-ских, ин-те-гро-диф-
фе-рен-ци-аль-ных, конечно-
 []

[2]
Overfull \hbox (7.00104pt too wide) in paragraph at lines 47--48
[]\T2A/cmr/m/n/10 Наиболее пол-ное ис-сле-до-ва-ние про-цес-са функ-ци-о-ни-ро-
ва-ния си-сте-мы мож-
 []


Overfull \hbox (1.9986pt too wide) in paragraph at lines 51--52
\T2A/cmr/m/n/10 сле-до-ва-ния ха-рак-те-ри-стик про-цесс функ-ци-о-ни-ро-ва-ния
 боль-ших си-стем. Для
 []


Overfull \hbox (2.13745pt too wide) in paragraph at lines 55--57
\T2A/cmr/m/n/10 с ана-ли-ти-че-ским яв-ля-ет-ся воз-мож-ность ре-ше-ния бо-лее 
слож-ных за-дач. Ими-
 []

[3] [4] [5] ("D:\РЈРЅРёРІРµСЂ\New Folder\First.aux") ) 
Here is how much of TeX's memory you used:
 2028 strings out of 494045
 24189 string characters out of 3143962
 81082 words of memory out of 3000000
 5356 multiletter control sequences out of 15000+200000
 4437 words of font info for 15 fonts, out of 3000000 for 9000
 715 hyphenation exceptions out of 8191
 24i,5n,24p,2154b,570s stack positions out of 5000i,500n,10000p,200000b,50000s
{D:/_Full_TeX/texmf/fonts
/enc/dvips/cm-super/cm-super-t2a.enc}<D:/_Full_TeX/texmf/fonts/type1/public/cm-
super/sfrm1000.pfb>
Output written on First.pdf (5 pages, 39344 bytes).
PDF statistics:
 23 PDF objects out of 1000 (max. 8388607)
 0 named destinations out of 1000 (max. 500000)
 1 words of extra memory for PDF output out of 10000 (max. 10000000)

